<?xml version="1.0" encoding="UTF-8"?>
<testng-results ignored="2" total="7" passed="5" failed="0" skipped="0">
  <reporter-output>
  </reporter-output>
  <suite started-at="2024-03-20T09:42:51 IST" name="Default suite" finished-at="2024-03-20T09:43:36 IST" duration-ms="44796">
    <groups>
    </groups>
    <test started-at="2024-03-20T09:42:51 IST" name="Default test" finished-at="2024-03-20T09:43:36 IST" duration-ms="44796">
      <class name="com.opencart.testlayer.LoginTest">
        <test-method is-config="true" signature="start()[pri:0, instance:com.opencart.testlayer.LoginTest@79e2c065]" started-at="2024-03-20T09:42:51 IST" name="start" finished-at="2024-03-20T09:42:51 IST" duration-ms="130" status="PASS">
          <reporter-output>
          </reporter-output>
        </test-method> <!-- start -->
        <test-method is-config="true" signature="setUp()[pri:0, instance:com.opencart.testlayer.LoginTest@79e2c065]" started-at="2024-03-20T09:42:52 IST" name="setUp" finished-at="2024-03-20T09:42:57 IST" duration-ms="5356" status="PASS">
          <reporter-output>
          </reporter-output>
        </test-method> <!-- setUp -->
        <test-method signature="test(java.lang.String,java.lang.String,java.lang.String,java.lang.String)[pri:0, instance:com.opencart.testlayer.LoginTest@79e2c065]" started-at="2024-03-20T09:42:57 IST" name="test" data-provider="loginDataProvider" finished-at="2024-03-20T09:42:58 IST" duration-ms="1215" status="PASS">
          <params>
            <param index="0">
              <value>
                <![CDATA[1]]>
              </value>
            </param>
            <param index="1">
              <value>
                <![CDATA[davidtest11@gmail.com]]>
              </value>
            </param>
            <param index="2">
              <value>
                <![CDATA[Test@1234]]>
              </value>
            </param>
            <param index="3">
              <value>
                <![CDATA[]]>
              </value>
            </param>
          </params>
          <reporter-output>
          </reporter-output>
        </test-method> <!-- test -->
        <test-method is-config="true" signature="tearDown()[pri:0, instance:com.opencart.testlayer.LoginTest@79e2c065]" started-at="2024-03-20T09:42:58 IST" name="tearDown" finished-at="2024-03-20T09:43:00 IST" duration-ms="1165" status="PASS">
          <reporter-output>
          </reporter-output>
        </test-method> <!-- tearDown -->
        <test-method is-config="true" signature="setUp()[pri:0, instance:com.opencart.testlayer.LoginTest@79e2c065]" started-at="2024-03-20T09:43:00 IST" name="setUp" finished-at="2024-03-20T09:43:04 IST" duration-ms="4910" status="PASS">
          <reporter-output>
          </reporter-output>
        </test-method> <!-- setUp -->
        <test-method signature="test(java.lang.String,java.lang.String,java.lang.String,java.lang.String)[pri:0, instance:com.opencart.testlayer.LoginTest@79e2c065]" started-at="2024-03-20T09:43:04 IST" name="test" data-provider="loginDataProvider" finished-at="2024-03-20T09:43:06 IST" duration-ms="1379" status="PASS">
          <params>
            <param index="0">
              <value>
                <![CDATA[2]]>
              </value>
            </param>
            <param index="1">
              <value>
                <![CDATA[davidtest12@gmail.com]]>
              </value>
            </param>
            <param index="2">
              <value>
                <![CDATA[Test@1234]]>
              </value>
            </param>
            <param index="3">
              <value>
                <![CDATA[]]>
              </value>
            </param>
          </params>
          <reporter-output>
          </reporter-output>
        </test-method> <!-- test -->
        <test-method is-config="true" signature="tearDown()[pri:0, instance:com.opencart.testlayer.LoginTest@79e2c065]" started-at="2024-03-20T09:43:06 IST" name="tearDown" finished-at="2024-03-20T09:43:07 IST" duration-ms="1440" status="PASS">
          <reporter-output>
          </reporter-output>
        </test-method> <!-- tearDown -->
        <test-method is-config="true" signature="setUp()[pri:0, instance:com.opencart.testlayer.LoginTest@79e2c065]" started-at="2024-03-20T09:43:07 IST" name="setUp" finished-at="2024-03-20T09:43:13 IST" duration-ms="5674" status="PASS">
          <reporter-output>
          </reporter-output>
        </test-method> <!-- setUp -->
        <test-method signature="test(java.lang.String,java.lang.String,java.lang.String,java.lang.String)[pri:0, instance:com.opencart.testlayer.LoginTest@79e2c065]" started-at="2024-03-20T09:43:13 IST" name="test" data-provider="loginDataProvider" finished-at="2024-03-20T09:43:14 IST" duration-ms="1359" status="PASS">
          <params>
            <param index="0">
              <value>
                <![CDATA[3]]>
              </value>
            </param>
            <param index="1">
              <value>
                <![CDATA[davidtest13@gmail.com]]>
              </value>
            </param>
            <param index="2">
              <value>
                <![CDATA[Test@1234]]>
              </value>
            </param>
            <param index="3">
              <value>
                <![CDATA[]]>
              </value>
            </param>
          </params>
          <reporter-output>
          </reporter-output>
        </test-method> <!-- test -->
        <test-method is-config="true" signature="tearDown()[pri:0, instance:com.opencart.testlayer.LoginTest@79e2c065]" started-at="2024-03-20T09:43:14 IST" name="tearDown" finished-at="2024-03-20T09:43:16 IST" duration-ms="1396" status="PASS">
          <reporter-output>
          </reporter-output>
        </test-method> <!-- tearDown -->
        <test-method is-config="true" signature="setUp()[pri:0, instance:com.opencart.testlayer.LoginTest@79e2c065]" started-at="2024-03-20T09:43:16 IST" name="setUp" finished-at="2024-03-20T09:43:23 IST" duration-ms="7049" status="PASS">
          <reporter-output>
          </reporter-output>
        </test-method> <!-- setUp -->
        <test-method signature="test(java.lang.String,java.lang.String,java.lang.String,java.lang.String)[pri:0, instance:com.opencart.testlayer.LoginTest@79e2c065]" started-at="2024-03-20T09:43:23 IST" name="test" data-provider="loginDataProvider" finished-at="2024-03-20T09:43:24 IST" duration-ms="1545" status="PASS">
          <params>
            <param index="0">
              <value>
                <![CDATA[4]]>
              </value>
            </param>
            <param index="1">
              <value>
                <![CDATA[davidtest14@gmail.com]]>
              </value>
            </param>
            <param index="2">
              <value>
                <![CDATA[Test@1234]]>
              </value>
            </param>
            <param index="3">
              <value>
                <![CDATA[]]>
              </value>
            </param>
          </params>
          <reporter-output>
          </reporter-output>
        </test-method> <!-- test -->
        <test-method is-config="true" signature="tearDown()[pri:0, instance:com.opencart.testlayer.LoginTest@79e2c065]" started-at="2024-03-20T09:43:24 IST" name="tearDown" finished-at="2024-03-20T09:43:26 IST" duration-ms="1349" status="PASS">
          <reporter-output>
          </reporter-output>
        </test-method> <!-- tearDown -->
        <test-method is-config="true" signature="setUp()[pri:0, instance:com.opencart.testlayer.LoginTest@79e2c065]" started-at="2024-03-20T09:43:26 IST" name="setUp" finished-at="2024-03-20T09:43:32 IST" duration-ms="5872" status="PASS">
          <reporter-output>
          </reporter-output>
        </test-method> <!-- setUp -->
        <test-method signature="test(java.lang.String,java.lang.String,java.lang.String,java.lang.String)[pri:0, instance:com.opencart.testlayer.LoginTest@79e2c065]" started-at="2024-03-20T09:43:32 IST" name="test" data-provider="loginDataProvider" finished-at="2024-03-20T09:43:33 IST" duration-ms="1441" status="PASS">
          <params>
            <param index="0">
              <value>
                <![CDATA[5]]>
              </value>
            </param>
            <param index="1">
              <value>
                <![CDATA[davidtest15@gmail.com]]>
              </value>
            </param>
            <param index="2">
              <value>
                <![CDATA[Test@1234]]>
              </value>
            </param>
            <param index="3">
              <value>
                <![CDATA[]]>
              </value>
            </param>
          </params>
          <reporter-output>
          </reporter-output>
        </test-method> <!-- test -->
        <test-method is-config="true" signature="tearDown()[pri:0, instance:com.opencart.testlayer.LoginTest@79e2c065]" started-at="2024-03-20T09:43:33 IST" name="tearDown" finished-at="2024-03-20T09:43:36 IST" duration-ms="2844" status="PASS">
          <reporter-output>
          </reporter-output>
        </test-method> <!-- tearDown -->
        <test-method is-config="true" signature="end()[pri:0, instance:com.opencart.testlayer.LoginTest@79e2c065]" started-at="2024-03-20T09:43:36 IST" name="end" finished-at="2024-03-20T09:43:36 IST" duration-ms="1" status="PASS">
          <reporter-output>
          </reporter-output>
        </test-method> <!-- end -->
      </class> <!-- com.opencart.testlayer.LoginTest -->
    </test> <!-- Default test -->
  </suite> <!-- Default suite -->
</testng-results>
