<?xml version="1.0" encoding="UTF-8"?>
<!-- Generated by org.testng.reporters.JUnitXMLReporter -->
<testsuite ignored="2" hostname="DESKTOP-1CCS179" failures="1" tests="4" name="RegressionTest" time="42.069" errors="0" timestamp="2024-03-20T08:44:22 IST">
  <testcase classname="com.opencart.testlayer.RegisterTest" name="validateRegisteringAccountByProvidingExistingAccountdetails" time="1.845"/>
  <testcase classname="com.opencart.testlayer.RegisterTest" name="validateRegisteringAccountByProvidingValidAccountdetails" time="1.904">
    <failure type="java.lang.AssertionError" message="expected [Your Account Has Been Created!] but found [Register Account]">
      <![CDATA[java.lang.AssertionError: expected [Your Account Has Been Created!] but found [Register Account]
at com.opencart.testlayer.RegisterTest.validateRegisteringAccountByProvidingValidAccountdetails(RegisterTest.java:35)
at java.base/java.util.ArrayList.forEach(ArrayList.java:1511)
... Removed 33 stack frames]]>
    </failure>
  </testcase> <!-- validateRegisteringAccountByProvidingValidAccountdetails -->
  <testcase classname="com.opencart.testlayer.LoginTest" name="verifyLoginTestWithInValidDetails" time="1.359"/>
  <testcase classname="com.opencart.testlayer.LoginTest" name="verifyLoginTestWithValidDetails" time="1.41"/>
  <testcase classname="com.opencart.testbase.Testbase" name="@AfterTest end" time="0.0">
    <ignored/>
  </testcase> <!-- @AfterTest end -->
  <testcase classname="com.opencart.testbase.Testbase" name="@BeforeTest start" time="0.0">
    <ignored/>
  </testcase> <!-- @BeforeTest start -->
</testsuite> <!-- RegressionTest -->
