<?xml version="1.0" encoding="UTF-8"?>
<!-- Generated by org.testng.reporters.JUnitXMLReporter -->
<testsuite ignored="2" hostname="DESKTOP-1CCS179" failures="0" tests="5" name="Default test" time="44.796" errors="0" timestamp="2024-03-20T09:43:36 IST">
  <testcase classname="com.opencart.testlayer.LoginTest" name="test" time="1.215"/>
  <testcase classname="com.opencart.testlayer.LoginTest" name="test" time="1.379"/>
  <testcase classname="com.opencart.testlayer.LoginTest" name="test" time="1.359"/>
  <testcase classname="com.opencart.testlayer.LoginTest" name="test" time="1.545"/>
  <testcase classname="com.opencart.testlayer.LoginTest" name="test" time="1.441"/>
  <testcase classname="com.opencart.testlayer.LoginTest" name="verifyLoginTestWithInValidDetails" time="0.0">
    <ignored/>
  </testcase> <!-- verifyLoginTestWithInValidDetails -->
  <testcase classname="com.opencart.testlayer.LoginTest" name="verifyLoginTestWithValidDetails" time="0.0">
    <ignored/>
  </testcase> <!-- verifyLoginTestWithValidDetails -->
</testsuite> <!-- Default test -->
